# JRE version: OpenJDK Runtime Environment Microsoft-11369865 (17.0.15+6) (build 17.0.15+6-LTS)
# Java VM: OpenJDK 64-Bit Server VM Microsoft-11369865 (17.0.15+6-LTS, mixed mode, sharing, tiered, compressed oops, compressed class ptrs, serial gc, windows-amd64)
GC Precious Log:
 CPUs: 12 total, 12 available
 Memory: 7832M
 Large Page Support: Disabled
 NUMA Support: Disabled
 Compressed Oops: Enabled (32-bit)
 Heap Min Capacity: 8M
 Heap Initial Capacity: 124M
 Heap Max Capacity: 2G
 Pre-touch: Disabled
Heap:
 def new generation   total 456768K, used 50687K [0x0000000080000000, 0x000000009ef90000, 0x00000000aaaa0000)
  eden space 406080K,   0% used [0x0000000080000000, 0x0000000080000000, 0x0000000098c90000)
  from space 50688K,  99% used [0x000000009be10000, 0x000000009ef8fff8, 0x000000009ef90000)
  to   space 50688K,   0% used [0x0000000098c90000, 0x0000000098c90000, 0x000000009be10000)
 tenured generation   total 1095168K, used 1095143K [0x00000000aaaa0000, 0x00000000ed820000, 0x0000000100000000)
   the space 1095168K,  99% used [0x00000000aaaa0000, 0x00000000ed819e90, 0x00000000d4e80a00, 0x00000000ed820000)
 Metaspace       used 190463K, committed 196288K, reserved 884736K
  class space    used 24730K, committed 28608K, reserved 425984K
GC Heap History (20 events):
Event: 336.117 GC heap after
{Heap after GC invocations=245 (full 13):
 def new generation   total 456768K, used 7047K [0x0000000080000000, 0x000000009ef90000, 0x00000000aaaa0000)
  eden space 406080K,   0% used [0x0000000080000000, 0x0000000080000000, 0x0000000098c90000)
  from space 50688K,  13% used [0x0000000098c90000, 0x0000000099371f28, 0x000000009be10000)
  to   space 50688K,   0% used [0x000000009be10000, 0x000000009be10000, 0x000000009ef90000)
 tenured generation   total 1014288K, used 877727K [0x00000000aaaa0000, 0x00000000e8924000, 0x0000000100000000)
   the space 1014288K,  86% used [0x00000000aaaa0000, 0x00000000e03c7fd8, 0x00000000e03c8000, 0x00000000e8924000)
 Metaspace       used 184889K, committed 195968K, reserved 884736K
  class space    used 24136K, committed 28608K, reserved 425984K
}
Event: 339.948 GC heap before
{Heap before GC invocations=245 (full 13):
 def new generation   total 456768K, used 412988K [0x0000000080000000, 0x000000009ef90000, 0x00000000aaaa0000)
  eden space 406080K,  99% used [0x0000000080000000, 0x0000000098c6d160, 0x0000000098c90000)
  from space 50688K,  13% used [0x0000000098c90000, 0x0000000099371f28, 0x000000009be10000)
  to   space 50688K,   0% used [0x000000009be10000, 0x000000009be10000, 0x000000009ef90000)
 tenured generation   total 1014288K, used 877727K [0x00000000aaaa0000, 0x00000000e8924000, 0x0000000100000000)
   the space 1014288K,  86% used [0x00000000aaaa0000, 0x00000000e03c7fd8, 0x00000000e03c8000, 0x00000000e8924000)
 Metaspace       used 184943K, committed 195968K, reserved 884736K
  class space    used 24136K, committed 28608K, reserved 425984K
}
Event: 339.960 GC heap after
{Heap after GC invocations=246 (full 13):
 def new generation   total 456768K, used 5184K [0x0000000080000000, 0x000000009ef90000, 0x00000000aaaa0000)
  eden space 406080K,   0% used [0x0000000080000000, 0x0000000080000000, 0x0000000098c90000)
  from space 50688K,  10% used [0x000000009be10000, 0x000000009c320090, 0x000000009ef90000)
  to   space 50688K,   0% used [0x0000000098c90000, 0x0000000098c90000, 0x000000009be10000)
 tenured generation   total 1014288K, used 877727K [0x00000000aaaa0000, 0x00000000e8924000, 0x0000000100000000)
   the space 1014288K,  86% used [0x00000000aaaa0000, 0x00000000e03c7fd8, 0x00000000e03c8000, 0x00000000e8924000)
 Metaspace       used 184943K, committed 195968K, reserved 884736K
  class space    used 24136K, committed 28608K, reserved 425984K
}
Event: 341.607 GC heap before
{Heap before GC invocations=246 (full 13):
 def new generation   total 456768K, used 411264K [0x0000000080000000, 0x000000009ef90000, 0x00000000aaaa0000)
  eden space 406080K, 100% used [0x0000000080000000, 0x0000000098c90000, 0x0000000098c90000)
  from space 50688K,  10% used [0x000000009be10000, 0x000000009c320090, 0x000000009ef90000)
  to   space 50688K,   0% used [0x0000000098c90000, 0x0000000098c90000, 0x000000009be10000)
 tenured generation   total 1014288K, used 877727K [0x00000000aaaa0000, 0x00000000e8924000, 0x0000000100000000)
   the space 1014288K,  86% used [0x00000000aaaa0000, 0x00000000e03c7fd8, 0x00000000e03c8000, 0x00000000e8924000)
 Metaspace       used 184957K, committed 195968K, reserved 884736K
  class space    used 24137K, committed 28608K, reserved 425984K
}
Event: 341.631 GC heap after
{Heap after GC invocations=247 (full 13):
 def new generation   total 456768K, used 10469K [0x0000000080000000, 0x000000009ef90000, 0x00000000aaaa0000)
  eden space 406080K,   0% used [0x0000000080000000, 0x0000000080000000, 0x0000000098c90000)
  from space 50688K,  20% used [0x0000000098c90000, 0x00000000996c9678, 0x000000009be10000)
  to   space 50688K,   0% used [0x000000009be10000, 0x000000009be10000, 0x000000009ef90000)
 tenured generation   total 1014288K, used 877727K [0x00000000aaaa0000, 0x00000000e8924000, 0x0000000100000000)
   the space 1014288K,  86% used [0x00000000aaaa0000, 0x00000000e03c7fd8, 0x00000000e03c8000, 0x00000000e8924000)
 Metaspace       used 184957K, committed 195968K, reserved 884736K
  class space    used 24137K, committed 28608K, reserved 425984K
}
Event: 349.555 GC heap before
{Heap before GC invocations=247 (full 13):
 def new generation   total 456768K, used 416549K [0x0000000080000000, 0x000000009ef90000, 0x00000000aaaa0000)
  eden space 406080K, 100% used [0x0000000080000000, 0x0000000098c90000, 0x0000000098c90000)
  from space 50688K,  20% used [0x0000000098c90000, 0x00000000996c9678, 0x000000009be10000)
  to   space 50688K,   0% used [0x000000009be10000, 0x000000009be10000, 0x000000009ef90000)
 tenured generation   total 1014288K, used 877727K [0x00000000aaaa0000, 0x00000000e8924000, 0x0000000100000000)
   the space 1014288K,  86% used [0x00000000aaaa0000, 0x00000000e03c7fd8, 0x00000000e03c8000, 0x00000000e8924000)
 Metaspace       used 185112K, committed 196032K, reserved 884736K
  class space    used 24138K, committed 28608K, reserved 425984K
}
Event: 349.568 GC heap after
{Heap after GC invocations=248 (full 13):
 def new generation   total 456768K, used 6276K [0x0000000080000000, 0x000000009ef90000, 0x00000000aaaa0000)
  eden space 406080K,   0% used [0x0000000080000000, 0x0000000080000000, 0x0000000098c90000)
  from space 50688K,  12% used [0x000000009be10000, 0x000000009c431388, 0x000000009ef90000)
  to   space 50688K,   0% used [0x0000000098c90000, 0x0000000098c90000, 0x000000009be10000)
 tenured generation   total 1014288K, used 877727K [0x00000000aaaa0000, 0x00000000e8924000, 0x0000000100000000)
   the space 1014288K,  86% used [0x00000000aaaa0000, 0x00000000e03c7fd8, 0x00000000e03c8000, 0x00000000e8924000)
 Metaspace       used 185112K, committed 196032K, reserved 884736K
  class space    used 24138K, committed 28608K, reserved 425984K
}
Event: 353.279 GC heap before
{Heap before GC invocations=248 (full 13):
 def new generation   total 456768K, used 412356K [0x0000000080000000, 0x000000009ef90000, 0x00000000aaaa0000)
  eden space 406080K, 100% used [0x0000000080000000, 0x0000000098c90000, 0x0000000098c90000)
  from space 50688K,  12% used [0x000000009be10000, 0x000000009c431388, 0x000000009ef90000)
  to   space 50688K,   0% used [0x0000000098c90000, 0x0000000098c90000, 0x000000009be10000)
 tenured generation   total 1014288K, used 877727K [0x00000000aaaa0000, 0x00000000e8924000, 0x0000000100000000)
   the space 1014288K,  86% used [0x00000000aaaa0000, 0x00000000e03c7fd8, 0x00000000e03c8000, 0x00000000e8924000)
 Metaspace       used 185172K, committed 196032K, reserved 884736K
  class space    used 24138K, committed 28608K, reserved 425984K
}
Event: 353.293 GC heap after
{Heap after GC invocations=249 (full 13):
 def new generation   total 456768K, used 7253K [0x0000000080000000, 0x000000009ef90000, 0x00000000aaaa0000)
  eden space 406080K,   0% used [0x0000000080000000, 0x0000000080000000, 0x0000000098c90000)
  from space 50688K,  14% used [0x0000000098c90000, 0x00000000993a5468, 0x000000009be10000)
  to   space 50688K,   0% used [0x000000009be10000, 0x000000009be10000, 0x000000009ef90000)
 tenured generation   total 1014288K, used 877727K [0x00000000aaaa0000, 0x00000000e8924000, 0x0000000100000000)
   the space 1014288K,  86% used [0x00000000aaaa0000, 0x00000000e03c7fd8, 0x00000000e03c8000, 0x00000000e8924000)
 Metaspace       used 185172K, committed 196032K, reserved 884736K
  class space    used 24138K, committed 28608K, reserved 425984K
}
Event: 354.599 GC heap before
{Heap before GC invocations=249 (full 13):
 def new generation   total 456768K, used 413333K [0x0000000080000000, 0x000000009ef90000, 0x00000000aaaa0000)
  eden space 406080K, 100% used [0x0000000080000000, 0x0000000098c90000, 0x0000000098c90000)
  from space 50688K,  14% used [0x0000000098c90000, 0x00000000993a5468, 0x000000009be10000)
  to   space 50688K,   0% used [0x000000009be10000, 0x000000009be10000, 0x000000009ef90000)
 tenured generation   total 1014288K, used 877727K [0x00000000aaaa0000, 0x00000000e8924000, 0x0000000100000000)
   the space 1014288K,  86% used [0x00000000aaaa0000, 0x00000000e03c7fd8, 0x00000000e03c8000, 0x00000000e8924000)
 Metaspace       used 185182K, committed 196032K, reserved 884736K
  class space    used 24138K, committed 28608K, reserved 425984K
}
Event: 354.623 GC heap after
{Heap after GC invocations=250 (full 13):
 def new generation   total 456768K, used 12834K [0x0000000080000000, 0x000000009ef90000, 0x00000000aaaa0000)
  eden space 406080K,   0% used [0x0000000080000000, 0x0000000080000000, 0x0000000098c90000)
  from space 50688K,  25% used [0x000000009be10000, 0x000000009ca98bb8, 0x000000009ef90000)
  to   space 50688K,   0% used [0x0000000098c90000, 0x0000000098c90000, 0x000000009be10000)
 tenured generation   total 1014288K, used 877727K [0x00000000aaaa0000, 0x00000000e8924000, 0x0000000100000000)
   the space 1014288K,  86% used [0x00000000aaaa0000, 0x00000000e03c7fd8, 0x00000000e03c8000, 0x00000000e8924000)
 Metaspace       used 185182K, committed 196032K, reserved 884736K
  class space    used 24138K, committed 28608K, reserved 425984K
}
Event: 358.815 GC heap before
{Heap before GC invocations=250 (full 13):
 def new generation   total 456768K, used 418914K [0x0000000080000000, 0x000000009ef90000, 0x00000000aaaa0000)
  eden space 406080K, 100% used [0x0000000080000000, 0x0000000098c90000, 0x0000000098c90000)
  from space 50688K,  25% used [0x000000009be10000, 0x000000009ca98bb8, 0x000000009ef90000)
  to   space 50688K,   0% used [0x0000000098c90000, 0x0000000098c90000, 0x000000009be10000)
 tenured generation   total 1014288K, used 877727K [0x00000000aaaa0000, 0x00000000e8924000, 0x0000000100000000)
   the space 1014288K,  86% used [0x00000000aaaa0000, 0x00000000e03c7fd8, 0x00000000e03c8000, 0x00000000e8924000)
 Metaspace       used 185196K, committed 196032K, reserved 884736K
  class space    used 24138K, committed 28608K, reserved 425984K
}
Event: 358.828 GC heap after
{Heap after GC invocations=251 (full 13):
 def new generation   total 456768K, used 6925K [0x0000000080000000, 0x000000009ef90000, 0x00000000aaaa0000)
  eden space 406080K,   0% used [0x0000000080000000, 0x0000000080000000, 0x0000000098c90000)
  from space 50688K,  13% used [0x0000000098c90000, 0x00000000993534b8, 0x000000009be10000)
  to   space 50688K,   0% used [0x000000009be10000, 0x000000009be10000, 0x000000009ef90000)
 tenured generation   total 1014288K, used 877727K [0x00000000aaaa0000, 0x00000000e8924000, 0x0000000100000000)
   the space 1014288K,  86% used [0x00000000aaaa0000, 0x00000000e03c7fd8, 0x00000000e03c8000, 0x00000000e8924000)
 Metaspace       used 185196K, committed 196032K, reserved 884736K
  class space    used 24138K, committed 28608K, reserved 425984K
}
Event: 415.138 GC heap before
{Heap before GC invocations=251 (full 13):
 def new generation   total 456768K, used 413001K [0x0000000080000000, 0x000000009ef90000, 0x00000000aaaa0000)
  eden space 406080K,  99% used [0x0000000080000000, 0x0000000098c8f1e8, 0x0000000098c90000)
  from space 50688K,  13% used [0x0000000098c90000, 0x00000000993534b8, 0x000000009be10000)
  to   space 50688K,   0% used [0x000000009be10000, 0x000000009be10000, 0x000000009ef90000)
 tenured generation   total 1014288K, used 877727K [0x00000000aaaa0000, 0x00000000e8924000, 0x0000000100000000)
   the space 1014288K,  86% used [0x00000000aaaa0000, 0x00000000e03c7fd8, 0x00000000e03c8000, 0x00000000e8924000)
 Metaspace       used 188021K, committed 196224K, reserved 884736K
  class space    used 24472K, committed 28608K, reserved 425984K
}
Event: 415.290 GC heap after
{Heap after GC invocations=252 (full 13):
 def new generation   total 456768K, used 10429K [0x0000000080000000, 0x000000009ef90000, 0x00000000aaaa0000)
  eden space 406080K,   0% used [0x0000000080000000, 0x0000000080000000, 0x0000000098c90000)
  from space 50688K,  20% used [0x000000009be10000, 0x000000009c83f448, 0x000000009ef90000)
  to   space 50688K,   0% used [0x0000000098c90000, 0x0000000098c90000, 0x000000009be10000)
 tenured generation   total 1014288K, used 877727K [0x00000000aaaa0000, 0x00000000e8924000, 0x0000000100000000)
   the space 1014288K,  86% used [0x00000000aaaa0000, 0x00000000e03c7fd8, 0x00000000e03c8000, 0x00000000e8924000)
 Metaspace       used 188021K, committed 196224K, reserved 884736K
  class space    used 24472K, committed 28608K, reserved 425984K
}
Event: 972.775 GC heap before
{Heap before GC invocations=252 (full 13):
 def new generation   total 456768K, used 416509K [0x0000000080000000, 0x000000009ef90000, 0x00000000aaaa0000)
  eden space 406080K, 100% used [0x0000000080000000, 0x0000000098c90000, 0x0000000098c90000)
  from space 50688K,  20% used [0x000000009be10000, 0x000000009c83f448, 0x000000009ef90000)
  to   space 50688K,   0% used [0x0000000098c90000, 0x0000000098c90000, 0x000000009be10000)
 tenured generation   total 1014288K, used 877727K [0x00000000aaaa0000, 0x00000000e8924000, 0x0000000100000000)
   the space 1014288K,  86% used [0x00000000aaaa0000, 0x00000000e03c7fd8, 0x00000000e03c8000, 0x00000000e8924000)
 Metaspace       used 189262K, committed 196288K, reserved 884736K
  class space    used 24577K, committed 28608K, reserved 425984K
}
Event: 972.970 GC heap after
{Heap after GC invocations=253 (full 13):
 def new generation   total 456768K, used 14294K [0x0000000080000000, 0x000000009ef90000, 0x00000000aaaa0000)
  eden space 406080K,   0% used [0x0000000080000000, 0x0000000080000000, 0x0000000098c90000)
  from space 50688K,  28% used [0x0000000098c90000, 0x0000000099a858a0, 0x000000009be10000)
  to   space 50688K,   0% used [0x000000009be10000, 0x000000009be10000, 0x000000009ef90000)
 tenured generation   total 1014288K, used 877727K [0x00000000aaaa0000, 0x00000000e8924000, 0x0000000100000000)
   the space 1014288K,  86% used [0x00000000aaaa0000, 0x00000000e03c7fd8, 0x00000000e03c8000, 0x00000000e8924000)
 Metaspace       used 189262K, committed 196288K, reserved 884736K
  class space    used 24577K, committed 28608K, reserved 425984K
}
Event: 974.531 GC heap before
{Heap before GC invocations=253 (full 13):
 def new generation   total 456768K, used 419730K [0x0000000080000000, 0x000000009ef90000, 0x00000000aaaa0000)
  eden space 406080K,  99% used [0x0000000080000000, 0x0000000098bef030, 0x0000000098c90000)
  from space 50688K,  28% used [0x0000000098c90000, 0x0000000099a858a0, 0x000000009be10000)
  to   space 50688K,   0% used [0x000000009be10000, 0x000000009be10000, 0x000000009ef90000)
 tenured generation   total 1014288K, used 877727K [0x00000000aaaa0000, 0x00000000e8924000, 0x0000000100000000)
   the space 1014288K,  86% used [0x00000000aaaa0000, 0x00000000e03c7fd8, 0x00000000e03c8000, 0x00000000e8924000)
 Metaspace       used 190463K, committed 196288K, reserved 884736K
  class space    used 24730K, committed 28608K, reserved 425984K
}
Event: 975.110 GC heap after
{Heap after GC invocations=254 (full 13):
 def new generation   total 456768K, used 50687K [0x0000000080000000, 0x000000009ef90000, 0x00000000aaaa0000)
  eden space 406080K,   0% used [0x0000000080000000, 0x0000000080000000, 0x0000000098c90000)
  from space 50688K,  99% used [0x000000009be10000, 0x000000009ef8fff8, 0x000000009ef90000)
  to   space 50688K,   0% used [0x0000000098c90000, 0x0000000098c90000, 0x000000009be10000)
 tenured generation   total 1095168K, used 1095143K [0x00000000aaaa0000, 0x00000000ed820000, 0x0000000100000000)
   the space 1095168K,  99% used [0x00000000aaaa0000, 0x00000000ed819e90, 0x00000000ed81a000, 0x00000000ed820000)
 Metaspace       used 190463K, committed 196288K, reserved 884736K
  class space    used 24730K, committed 28608K, reserved 425984K
}
Event: 975.110 GC heap before
{Heap before GC invocations=254 (full 13):
 def new generation   total 456768K, used 50687K [0x0000000080000000, 0x000000009ef90000, 0x00000000aaaa0000)
  eden space 406080K,   0% used [0x0000000080000000, 0x0000000080000000, 0x0000000098c90000)
  from space 50688K,  99% used [0x000000009be10000, 0x000000009ef8fff8, 0x000000009ef90000)
  to   space 50688K,   0% used [0x0000000098c90000, 0x0000000098c90000, 0x000000009be10000)
 tenured generation   total 1095168K, used 1095143K [0x00000000aaaa0000, 0x00000000ed820000, 0x0000000100000000)
   the space 1095168K,  99% used [0x00000000aaaa0000, 0x00000000ed819e90, 0x00000000ed81a000, 0x00000000ed820000)
 Metaspace       used 190463K, committed 196288K, reserved 884736K
  class space    used 24730K, committed 28608K, reserved 425984K
}

